<?xml version="1.0" encoding="UTF-8"?>
<testng-results ignored="0" total="2" passed="2" failed="0" skipped="0">
  <reporter-output>
  </reporter-output>
  <suite started-at="2023-07-02T03:22:06Z" name="Default suite" finished-at="2023-07-02T03:22:06Z" duration-ms="132">
    <groups>
    </groups>
    <test started-at="2023-07-02T03:22:06Z" name="Default test" finished-at="2023-07-02T03:22:06Z" duration-ms="132">
      <class name="com.tka.Testng.Testng">
        <test-method signature="signup1()[pri:1, instance:com.tka.Testng.Testng@bcec361]" started-at="2023-07-02T08:52:06Z" name="signup1" finished-at="2023-07-02T08:52:06Z" duration-ms="45" status="PASS">
          <reporter-output>
          </reporter-output>
        </test-method> <!-- signup1 -->
        <test-method signature="signup2()[pri:2, instance:com.tka.Testng.Testng@bcec361]" started-at="2023-07-02T08:52:06Z" name="signup2" finished-at="2023-07-02T08:52:06Z" duration-ms="8" status="PASS">
          <reporter-output>
          </reporter-output>
        </test-method> <!-- signup2 -->
      </class> <!-- com.tka.Testng.Testng -->
    </test> <!-- Default test -->
  </suite> <!-- Default suite -->
</testng-results>
