<?xml version="1.0" encoding="UTF-8"?>
<testng-results ignored="0" total="2" passed="2" failed="0" skipped="0">
  <reporter-output>
  </reporter-output>
  <suite started-at="2023-06-21T13:03:49Z" name="Default suite" finished-at="2023-06-21T13:03:49Z" duration-ms="105">
    <groups>
    </groups>
    <test started-at="2023-06-21T13:03:49Z" name="Default test" finished-at="2023-06-21T13:03:49Z" duration-ms="105">
      <class name="com.tka.selenium.BasicTest">
        <test-method signature="signup1()[pri:1, instance:com.tka.selenium.BasicTest@bcec361]" started-at="2023-06-21T18:33:49Z" name="signup1" finished-at="2023-06-21T18:33:49Z" duration-ms="24" status="PASS">
          <reporter-output>
          </reporter-output>
        </test-method> <!-- signup1 -->
        <test-method signature="signup12()[pri:2, instance:com.tka.selenium.BasicTest@bcec361]" started-at="2023-06-21T18:33:49Z" name="signup12" finished-at="2023-06-21T18:33:49Z" duration-ms="10" status="PASS">
          <reporter-output>
          </reporter-output>
        </test-method> <!-- signup12 -->
      </class> <!-- com.tka.selenium.BasicTest -->
    </test> <!-- Default test -->
  </suite> <!-- Default suite -->
</testng-results>
